10.03.2023 12:32:22|Debug|WebSocket.sendHttpRequest:0|A request to the server:
                          GET /ws HTTP/1.1
                          User-Agent: websocket-sharp/1.0
                          Host: stream.binance.com
                          Upgrade: websocket
                          Connection: Upgrade
                          Sec-WebSocket-Key: HRT74T0SJwya9sh/Y+jd4g==
                          Sec-WebSocket-Version: 13
10.03.2023 12:32:22|Debug|WebSocket.sendHttpRequest:0|A response to this request:
                          HTTP/1.1 101 Switching Protocols
                          Date: Fri, 10 Mar 2023 07:32:22 GMT
                          Connection: upgrade
                          Upgrade: websocket
                          Sec-WebSocket-Accept: s8MSZKDgPJ2+5YHKoZmHzK9Z9ek=
10.03.2023 12:33:10|Debug|WebSocket.sendHttpRequest:0|A request to the server:
                          GET /ws HTTP/1.1
                          User-Agent: websocket-sharp/1.0
                          Host: stream.binance.com
                          Upgrade: websocket
                          Connection: Upgrade
                          Sec-WebSocket-Key: CHhLqnkGGECyWYYUNgmltg==
                          Sec-WebSocket-Version: 13
10.03.2023 12:33:11|Debug|WebSocket.sendHttpRequest:0|A response to this request:
                          HTTP/1.1 101 Switching Protocols
                          Date: Fri, 10 Mar 2023 07:33:10 GMT
                          Connection: upgrade
                          Upgrade: websocket
                          Sec-WebSocket-Accept: DGAX/8zP0hzdPLZws+zZiheZNZI=
10.03.2023 12:35:20|Debug|WebSocket.sendHttpRequest:0|A request to the server:
                          GET /ws HTTP/1.1
                          User-Agent: websocket-sharp/1.0
                          Host: stream.binance.com
                          Upgrade: websocket
                          Connection: Upgrade
                          Sec-WebSocket-Key: DxmLT2pa8fVCmIhFJ9ED9A==
                          Sec-WebSocket-Version: 13
10.03.2023 12:35:21|Debug|WebSocket.sendHttpRequest:0|A response to this request:
                          HTTP/1.1 101 Switching Protocols
                          Date: Fri, 10 Mar 2023 07:35:20 GMT
                          Connection: upgrade
                          Upgrade: websocket
                          Sec-WebSocket-Accept: TV7vYYaozZiJK+e5TBq7e6/nHhE=
10.03.2023 12:35:29|Debug|WebSocket.sendHttpRequest:0|A request to the server:
                          GET /ws HTTP/1.1
                          User-Agent: websocket-sharp/1.0
                          Host: stream.binance.com
                          Upgrade: websocket
                          Connection: Upgrade
                          Sec-WebSocket-Key: 65u6ImdZRFWjdnrfci1y+w==
                          Sec-WebSocket-Version: 13
10.03.2023 12:35:30|Debug|WebSocket.sendHttpRequest:0|A response to this request:
                          HTTP/1.1 101 Switching Protocols
                          Date: Fri, 10 Mar 2023 07:35:29 GMT
                          Connection: upgrade
                          Upgrade: websocket
                          Sec-WebSocket-Accept: b+4qqmKVyxEAV1cHjmW4ZdZZass=
10.03.2023 15:46:18|Debug|WebSocket.sendHttpRequest:0|A request to the server:
                          GET /ws HTTP/1.1
                          User-Agent: websocket-sharp/1.0
                          Host: stream.binance.com
                          Upgrade: websocket
                          Connection: Upgrade
                          Sec-WebSocket-Key: 4/NPbus0pw6pplgWnUdxsg==
                          Sec-WebSocket-Version: 13
10.03.2023 15:46:19|Debug|WebSocket.sendHttpRequest:0|A response to this request:
                          HTTP/1.1 101 Switching Protocols
                          Date: Fri, 10 Mar 2023 10:46:19 GMT
                          Connection: upgrade
                          Upgrade: websocket
                          Sec-WebSocket-Accept: uvJoj1ZJ4/wflf0X0O26+Xh1Q3I=
10.03.2023 15:49:00|Debug|WebSocket.sendHttpRequest:0|A request to the server:
                          GET /ws HTTP/1.1
                          User-Agent: websocket-sharp/1.0
                          Host: stream.binance.com
                          Upgrade: websocket
                          Connection: Upgrade
                          Sec-WebSocket-Key: fIYAJEZKZ+3tL5eef6IMYg==
                          Sec-WebSocket-Version: 13
10.03.2023 15:49:01|Debug|WebSocket.sendHttpRequest:0|A response to this request:
                          HTTP/1.1 101 Switching Protocols
                          Date: Fri, 10 Mar 2023 10:49:01 GMT
                          Connection: upgrade
                          Upgrade: websocket
                          Sec-WebSocket-Accept: 9o05oUc33lSJCTupTQLhUQnUHGE=
10.03.2023 15:49:11|Debug|WebSocket.sendHttpRequest:0|A request to the server:
                          GET /ws HTTP/1.1
                          User-Agent: websocket-sharp/1.0
                          Host: stream.binance.com
                          Upgrade: websocket
                          Connection: Upgrade
                          Sec-WebSocket-Key: lQp9/6/9WfxUHOsLjFVjkg==
                          Sec-WebSocket-Version: 13
10.03.2023 15:49:12|Debug|WebSocket.sendHttpRequest:0|A response to this request:
                          HTTP/1.1 101 Switching Protocols
                          Date: Fri, 10 Mar 2023 10:49:12 GMT
                          Connection: upgrade
                          Upgrade: websocket
                          Sec-WebSocket-Accept: /xHqKtwq5QRiwAXkuXN24QqNkWg=
